<?xml version="1.0" encoding="UTF-8"?>
<!-- Generated by org.testng.reporters.JUnitReportReporter -->
<testsuite hostname="SHREYAS" failures="0" tests="2" name="testCases.TC_02" time="16.038" errors="0" timestamp="2024-11-24T20:14:39 IST" skipped="0">
  <testcase classname="testCases.TC_02" name="verify_login" time="7.958"/>
  <testcase classname="testCases.TC_02" name="verify_login" time="8.080"/>
</testsuite> <!-- testCases.TC_02 -->
