<?xml version="1.0" encoding="UTF-8"?>
<!-- Generated by org.testng.reporters.JUnitReportReporter -->
<testsuite hostname="SHREYAS" failures="0" tests="2" name="testCases.TC_01" time="8.534" errors="0" timestamp="2024-11-24T20:14:39 IST" skipped="0">
  <testcase classname="testCases.TC_01" name="verify_account_registation" time="4.691"/>
  <testcase classname="testCases.TC_01" name="verify_account_registation" time="3.843"/>
</testsuite> <!-- testCases.TC_01 -->
