<?xml version="1.0" encoding="UTF-8"?>
<!-- Generated by org.testng.reporters.JUnitReportReporter -->
<testsuite hostname="SHREYAS" failures="0" tests="1" name="testCases.TC_02" time="7.790" errors="0" timestamp="2024-11-26T16:12:03 IST" skipped="0">
  <testcase classname="testCases.TC_02" name="verify_login" time="7.790"/>
</testsuite> <!-- testCases.TC_02 -->
