<?xml version="1.0" encoding="UTF-8"?>
<!-- Generated by org.testng.reporters.JUnitReportReporter -->
<testsuite hostname="SHREYAS" failures="0" tests="1" name="testCases.TC_01" time="5.035" errors="0" timestamp="2024-11-26T16:12:03 IST" skipped="0">
  <testcase classname="testCases.TC_01" name="verify_account_registation" time="5.035"/>
</testsuite> <!-- testCases.TC_01 -->
